0 info it worked if it ends with ok
1 verbose cli [ 'c:\\Program Files\\nodejs\\node.exe',
1 verbose cli   'c:\\Program Files\\nodejs\\node_modules\\npm\\bin\\npm-cli.js',
1 verbose cli   'install',
1 verbose cli   '-g',
1 verbose cli   'sass',
1 verbose cli   'jshint' ]
2 info using npm@2.1.3
3 info using node@v0.10.32
4 silly cache add args [ 'sass', null ]
5 verbose cache add spec sass
6 silly cache add args [ 'jshint', null ]
7 verbose cache add spec jshint
8 silly cache add parsed spec { raw: 'sass',
8 silly cache add   scope: null,
8 silly cache add   name: 'sass',
8 silly cache add   rawSpec: '',
8 silly cache add   spec: '*',
8 silly cache add   type: 'range' }
9 verbose addNamed sass@*
10 verbose addNamed sass@* not in flight; adding
11 silly addNamed semver.valid null
12 silly addNamed semver.validRange *
13 silly addNameRange { name: 'sass', range: '*', hasData: false }
14 verbose mapToRegistry name sass
15 verbose mapToRegistry uri https://registry.npmjs.org/sass
16 silly cache add parsed spec { raw: 'jshint',
16 silly cache add   scope: null,
16 silly cache add   name: 'jshint',
16 silly cache add   rawSpec: '',
16 silly cache add   spec: '*',
16 silly cache add   type: 'range' }
17 verbose addNamed jshint@*
18 verbose addNamed jshint@* not in flight; adding
19 silly addNamed semver.valid null
20 silly addNamed semver.validRange *
21 silly addNameRange { name: 'jshint', range: '*', hasData: false }
22 verbose mapToRegistry name jshint
23 verbose mapToRegistry uri https://registry.npmjs.org/jshint
24 verbose request on initialization, where is /sass
25 verbose request after pass 1, where is /sass
26 verbose request url raw /sass
27 verbose request resolving registry [ 'https://registry.npmjs.org/', './sass' ]
28 verbose request after pass 2, where is https://registry.npmjs.org/sass
29 verbose request no auth needed
30 info attempt registry request try #1 at 21:23:11
31 verbose request id 8375e44382d401ad
32 http request GET https://registry.npmjs.org/sass
33 verbose request on initialization, where is /jshint
34 verbose request after pass 1, where is /jshint
35 verbose request url raw /jshint
36 verbose request resolving registry [ 'https://registry.npmjs.org/', './jshint' ]
37 verbose request after pass 2, where is https://registry.npmjs.org/jshint
38 verbose request no auth needed
39 info attempt registry request try #1 at 21:23:11
40 verbose etag "1XAHO8NVE0549VYJVPL06F8S8"
41 http request GET https://registry.npmjs.org/jshint
42 http 200 https://registry.npmjs.org/jshint
43 silly registry.get cb [ 200,
43 silly registry.get   { date: 'Wed, 15 Oct 2014 01:23:12 GMT',
43 silly registry.get     server: 'CouchDB/1.5.0 (Erlang OTP/R16B03)',
43 silly registry.get     etag: '"E2ZPFT2UUKRYH1P39SAISB7J9"',
43 silly registry.get     'content-type': 'application/json',
43 silly registry.get     'cache-control': 'max-age=60',
43 silly registry.get     'content-length': '80104',
43 silly registry.get     'accept-ranges': 'bytes',
43 silly registry.get     via: '1.1 varnish',
43 silly registry.get     age: '0',
43 silly registry.get     'x-served-by': 'cache-jfk1028-JFK',
43 silly registry.get     'x-cache': 'HIT',
43 silly registry.get     'x-cache-hits': '1',
43 silly registry.get     'x-timer': 'S1413336192.318136,VS0,VE84',
43 silly registry.get     vary: 'Accept',
43 silly registry.get     'keep-alive': 'timeout=10, max=50',
43 silly registry.get     connection: 'Keep-Alive' } ]
44 http 200 https://registry.npmjs.org/sass
45 silly registry.get cb [ 200,
45 silly registry.get   { date: 'Wed, 15 Oct 2014 01:23:12 GMT',
45 silly registry.get     server: 'CouchDB/1.5.0 (Erlang OTP/R16B03)',
45 silly registry.get     etag: '"26NSGCVLR9YKQRYYRAIJLTYVX"',
45 silly registry.get     'content-type': 'application/json',
45 silly registry.get     'cache-control': 'max-age=60',
45 silly registry.get     'content-length': '2848',
45 silly registry.get     'accept-ranges': 'bytes',
45 silly registry.get     via: '1.1 varnish',
45 silly registry.get     age: '0',
45 silly registry.get     'x-served-by': 'cache-jfk1028-JFK',
45 silly registry.get     'x-cache': 'HIT',
45 silly registry.get     'x-cache-hits': '1',
45 silly registry.get     'x-timer': 'S1413336192.318148,VS0,VE179',
45 silly registry.get     vary: 'Accept',
45 silly registry.get     'keep-alive': 'timeout=10, max=50',
45 silly registry.get     connection: 'Keep-Alive' } ]
46 silly addNameRange number 2 { name: 'jshint', range: '*', hasData: true }
47 silly addNameRange versions [ 'jshint',
47 silly addNameRange   [ '0.1.8',
47 silly addNameRange     '0.1.9',
47 silly addNameRange     '0.2.0',
47 silly addNameRange     '0.2.1',
47 silly addNameRange     '0.2.2',
47 silly addNameRange     '0.2.3',
47 silly addNameRange     '0.3.0',
47 silly addNameRange     '0.3.1',
47 silly addNameRange     '0.4.0',
47 silly addNameRange     '0.5.0',
47 silly addNameRange     '0.5.1',
47 silly addNameRange     '0.5.2',
47 silly addNameRange     '0.5.3',
47 silly addNameRange     '0.5.4',
47 silly addNameRange     '0.5.5',
47 silly addNameRange     '0.5.6',
47 silly addNameRange     '0.5.7',
47 silly addNameRange     '0.5.8',
47 silly addNameRange     '0.5.9',
47 silly addNameRange     '0.6.0',
47 silly addNameRange     '0.6.1',
47 silly addNameRange     '0.6.2',
47 silly addNameRange     '0.6.3',
47 silly addNameRange     '0.7.0',
47 silly addNameRange     '0.7.1',
47 silly addNameRange     '0.7.2',
47 silly addNameRange     '0.7.3',
47 silly addNameRange     '0.8.0',
47 silly addNameRange     '0.8.1',
47 silly addNameRange     '0.8.2',
47 silly addNameRange     '0.9.0',
47 silly addNameRange     '0.9.1',
47 silly addNameRange     '1.0.0',
47 silly addNameRange     '1.1.0',
47 silly addNameRange     '2.0.0',
47 silly addNameRange     '2.0.1',
47 silly addNameRange     '2.1.0',
47 silly addNameRange     '2.1.1',
47 silly addNameRange     '2.1.2',
47 silly addNameRange     '2.1.3',
47 silly addNameRange     '2.1.4',
47 silly addNameRange     '2.1.5',
47 silly addNameRange     '2.1.6',
47 silly addNameRange     '2.1.7',
47 silly addNameRange     '2.1.8',
47 silly addNameRange     '2.1.9',
47 silly addNameRange     '2.1.10',
47 silly addNameRange     '2.1.11',
47 silly addNameRange     '2.2.0',
47 silly addNameRange     '2.3.0',
47 silly addNameRange     '2.4.0',
47 silly addNameRange     '2.4.1',
47 silly addNameRange     '2.4.2',
47 silly addNameRange     '2.4.3',
47 silly addNameRange     '2.4.4',
47 silly addNameRange     '2.5.0',
47 silly addNameRange     '2.5.1',
47 silly addNameRange     '2.5.2',
47 silly addNameRange     '2.5.3',
47 silly addNameRange     '2.5.4',
47 silly addNameRange     '2.5.5',
47 silly addNameRange     '2.5.6' ] ]
48 verbose addNamed jshint@2.5.6
49 verbose addNamed jshint@2.5.6 not in flight; adding
50 silly addNamed semver.valid 2.5.6
51 silly addNamed semver.validRange 2.5.6
52 silly addNameRange number 2 { name: 'sass', range: '*', hasData: true }
53 silly addNameRange versions [ 'sass', [ '0.4.0', '0.4.1', '0.4.2', '0.4.3', '0.5.0' ] ]
54 verbose addNamed sass@0.5.0
55 verbose addNamed sass@0.5.0 not in flight; adding
56 silly addNamed semver.valid 0.5.0
57 silly addNamed semver.validRange 0.5.0
58 verbose addRemoteTarball https://registry.npmjs.org/sass/-/sass-0.5.0.tgz not in flight; adding
59 verbose addRemoteTarball [ 'https://registry.npmjs.org/sass/-/sass-0.5.0.tgz',
59 verbose addRemoteTarball   '9dee1183a0f400361f2c5d3453bf2e54705e03f9' ]
60 info retry fetch attempt 1 at 21:23:11
61 info attempt registry request try #1 at 21:23:11
62 http fetch GET https://registry.npmjs.org/sass/-/sass-0.5.0.tgz
63 verbose afterAdd C:\Users\Sean\AppData\Roaming\npm-cache\jshint\2.5.6\package\package.json not in flight; writing
64 http fetch 200 https://registry.npmjs.org/sass/-/sass-0.5.0.tgz
65 silly fetchAndShaCheck shasum 9dee1183a0f400361f2c5d3453bf2e54705e03f9
66 verbose addTmpTarball C:\Users\Sean\AppData\Local\Temp\npm-8244-c976a993\registry.npmjs.org\sass\-\sass-0.5.0.tgz not in flight; verifying
67 verbose addTmpTarball already have metadata; skipping unpack
68 verbose afterAdd C:\Users\Sean\AppData\Roaming\npm-cache\sass\0.5.0\package\package.json not in flight; writing
69 silly install resolved [ { name: 'jshint',
69 silly install resolved     version: '2.5.6',
69 silly install resolved     homepage: 'http://jshint.com/',
69 silly install resolved     description: 'Static analysis tool for JavaScript',
69 silly install resolved     author:
69 silly install resolved      { name: 'Anton Kovalyov',
69 silly install resolved        email: 'anton@kovalyov.net',
69 silly install resolved        url: 'http://anton.kovalyov.net/' },
69 silly install resolved     repository: { type: 'git', url: 'https://github.com/jshint/jshint.git' },
69 silly install resolved     bugs: { url: 'https://github.com/jshint/jshint/issues' },
69 silly install resolved     bin: { jshint: './bin/jshint' },
69 silly install resolved     scripts:
69 silly install resolved      { data: 'node scripts/generate-identifier-data',
69 silly install resolved        build: 'node bin/build',
69 silly install resolved        test: 'nodeunit tests tests/regression tests/unit',
69 silly install resolved        pretest: 'jshint src' },
69 silly install resolved     main: './src/jshint.js',
69 silly install resolved     dependencies:
69 silly install resolved      { shelljs: '0.3.x',
69 silly install resolved        underscore: '1.6.x',
69 silly install resolved        cli: '0.6.x',
69 silly install resolved        minimatch: '1.0.x',
69 silly install resolved        htmlparser2: '3.7.x',
69 silly install resolved        'console-browserify': '1.1.x',
69 silly install resolved        exit: '0.1.x',
69 silly install resolved        'strip-json-comments': '1.0.x' },
69 silly install resolved     devDependencies:
69 silly install resolved      { jshint: '2.5.x',
69 silly install resolved        browserify: '5.x',
69 silly install resolved        coveraje: '0.2.x',
69 silly install resolved        nodeunit: '0.9.x',
69 silly install resolved        sinon: '1.10.x',
69 silly install resolved        'unicode-6.3.0': '0.1.x',
69 silly install resolved        regenerate: '0.6.x' },
69 silly install resolved     licenses: [ [Object] ],
69 silly install resolved     preferGlobal: true,
69 silly install resolved     files: [ 'bin', 'src', 'data', 'dist' ],
69 silly install resolved     gitHead: '17e9355cd27ef53c76c82e9c8514118eabe25ffe',
69 silly install resolved     _id: 'jshint@2.5.6',
69 silly install resolved     _shasum: '1685ce1f9e1c74832375d83fe89728589bd9d8c7',
69 silly install resolved     _from: 'jshint@*',
69 silly install resolved     _npmVersion: '1.5.0-alpha-1',
69 silly install resolved     _npmUser: { name: 'rwaldron', email: 'waldron.rick@gmail.com' },
69 silly install resolved     maintainers: [ [Object], [Object] ],
69 silly install resolved     dist:
69 silly install resolved      { shasum: '1685ce1f9e1c74832375d83fe89728589bd9d8c7',
69 silly install resolved        tarball: 'http://registry.npmjs.org/jshint/-/jshint-2.5.6.tgz' },
69 silly install resolved     directories: {},
69 silly install resolved     _resolved: 'https://registry.npmjs.org/jshint/-/jshint-2.5.6.tgz',
69 silly install resolved     readme: 'ERROR: No README data found!' },
69 silly install resolved   { name: 'sass',
69 silly install resolved     description: 'Syntactically Awesome Stylesheets (compiles to css)',
69 silly install resolved     version: '0.5.0',
69 silly install resolved     keywords: [ 'sass', 'template', 'css', 'view' ],
69 silly install resolved     author: { name: 'TJ Holowaychuk', email: 'tj@vision-media.ca' },
69 silly install resolved     contributors: [ [Object] ],
69 silly install resolved     main: './lib/sass',
69 silly install resolved     _id: 'sass@0.5.0',
69 silly install resolved     engines: { node: '*' },
69 silly install resolved     _nodeSupported: true,
69 silly install resolved     _npmVersion: '0.2.7-2',
69 silly install resolved     _nodeVersion: 'v0.3.1-pre',
69 silly install resolved     dist:
69 silly install resolved      { tarball: 'http://registry.npmjs.org/sass/-/sass-0.5.0.tgz',
69 silly install resolved        shasum: '9dee1183a0f400361f2c5d3453bf2e54705e03f9' },
69 silly install resolved     directories: {},
69 silly install resolved     _shasum: '9dee1183a0f400361f2c5d3453bf2e54705e03f9',
69 silly install resolved     _resolved: 'https://registry.npmjs.org/sass/-/sass-0.5.0.tgz',
69 silly install resolved     _from: 'sass@*' } ]
70 info install jshint@2.5.6 into c:\Program Files\nodejs
71 info install sass@0.5.0 into c:\Program Files\nodejs
72 info installOne jshint@2.5.6
73 info installOne sass@0.5.0
74 verbose lock using C:\Users\Sean\AppData\Roaming\npm-cache\_locks\sass-6d63c95229b6b5c7.lock for c:\Program Files\nodejs\node_modules\sass
75 verbose lock using C:\Users\Sean\AppData\Roaming\npm-cache\_locks\jshint-ac1ea591b54fe894.lock for c:\Program Files\nodejs\node_modules\jshint
76 verbose unbuild node_modules\jshint
77 verbose gentlyRm vacuuming c:\Program Files\nodejs\node_modules\jshint
78 verbose tar unpack C:\Users\Sean\AppData\Roaming\npm-cache\jshint\2.5.6\package.tgz
79 verbose tar unpacking to c:\Program Files\nodejs\node_modules\jshint
80 verbose gentlyRm vacuuming c:\Program Files\nodejs\node_modules\jshint
81 silly gunzTarPerm modes [ '777', '666' ]
82 verbose unbuild node_modules\sass
83 verbose gentlyRm vacuuming c:\Program Files\nodejs\node_modules\sass
84 verbose tar unpack C:\Users\Sean\AppData\Roaming\npm-cache\sass\0.5.0\package.tgz
85 verbose tar unpacking to c:\Program Files\nodejs\node_modules\sass
86 verbose gentlyRm vacuuming c:\Program Files\nodejs\node_modules\sass
87 silly gunzTarPerm modes [ '777', '666' ]
88 verbose fstream_path c:\Program Files\nodejs\node_modules\sass
89 verbose fstream_type Directory
90 verbose fstream_class DirWriter
91 verbose stack Error: EPERM, mkdir 'c:\Program Files\nodejs\node_modules\sass'
92 verbose fstream_stack c:\Program Files\nodejs\node_modules\npm\node_modules\fstream\lib\dir-writer.js:36:23
92 verbose fstream_stack c:\Program Files\nodejs\node_modules\npm\node_modules\mkdirp\index.js:46:53
92 verbose fstream_stack Object.oncomplete (fs.js:107:15)
93 verbose cwd c:\repos\konneka
94 error Windows_NT 6.2.9200
95 error argv "c:\\Program Files\\nodejs\\node.exe" "c:\\Program Files\\nodejs\\node_modules\\npm\\bin\\npm-cli.js" "install" "-g" "sass" "jshint"
96 error node v0.10.32
97 error npm  v2.1.3
98 error path c:\Program Files\nodejs\node_modules\sass
99 error code EPERM
100 error errno 50
101 error Error: EPERM, mkdir 'c:\Program Files\nodejs\node_modules\sass'
101 error  { [Error: EPERM, mkdir 'c:\Program Files\nodejs\node_modules\sass']
101 error   errno: 50,
101 error   code: 'EPERM',
101 error   path: 'c:\\Program Files\\nodejs\\node_modules\\sass',
101 error   fstream_type: 'Directory',
101 error   fstream_path: 'c:\\Program Files\\nodejs\\node_modules\\sass',
101 error   fstream_class: 'DirWriter',
101 error   fstream_stack:
101 error    [ 'c:\\Program Files\\nodejs\\node_modules\\npm\\node_modules\\fstream\\lib\\dir-writer.js:36:23',
101 error      'c:\\Program Files\\nodejs\\node_modules\\npm\\node_modules\\mkdirp\\index.js:46:53',
101 error      'Object.oncomplete (fs.js:107:15)' ] }
102 error Please try running this command again as root/Administrator.
103 verbose exit [ 50, true ]
